# JRE version: OpenJDK Runtime Environment (8.0_112-b06) (build 1.8.0_112-release-b06)
# Java VM: OpenJDK 64-Bit Server VM (25.112-b06 mixed mode linux-amd64 compressed oops)
Heap:
 PSYoungGen      total 258048K, used 26096K [0x00000000e0000000, 0x00000000f1c80000, 0x0000000100000000)
  eden space 231936K, 0% used [0x00000000e0000000,0x00000000e0000000,0x00000000ee280000)
  from space 26112K, 99% used [0x00000000ee280000,0x00000000efbfc078,0x00000000efc00000)
  to   space 21504K, 0% used [0x00000000efc00000,0x00000000efc00000,0x00000000f1100000)
 ParOldGen       total 131584K, used 66683K [0x00000000a0000000, 0x00000000a8080000, 0x00000000e0000000)
  object space 131584K, 50% used [0x00000000a0000000,0x00000000a411ed28,0x00000000a8080000)
 Metaspace       used 60306K, capacity 62060K, committed 62128K, reserved 1103872K
  class space    used 7923K, capacity 8307K, committed 8368K, reserved 1048576K
GC Heap History (10 events):
Event: 9,342 GC heap after
Heap after GC invocations=11 (full 2):
 PSYoungGen      total 161280K, used 12783K [0x00000000e0000000, 0x00000000ed800000, 0x0000000100000000)
  eden space 148480K, 0% used [0x00000000e0000000,0x00000000e0000000,0x00000000e9100000)
  from space 12800K, 99% used [0x00000000e9100000,0x00000000e9d7bff0,0x00000000e9d80000)
  to   space 16896K, 0% used [0x00000000ec780000,0x00000000ec780000,0x00000000ed800000)
 ParOldGen       total 88576K, used 25045K [0x00000000a0000000, 0x00000000a5680000, 0x00000000e0000000)
  object space 88576K, 28% used [0x00000000a0000000,0x00000000a1875490,0x00000000a5680000)
 Metaspace       used 50570K, capacity 52092K, committed 52272K, reserved 1093632K
  class space    used 6825K, capacity 7117K, committed 7216K, reserved 1048576K
}
Event: 11,275 GC heap before
{Heap before GC invocations=12 (full 2):
 PSYoungGen      total 161280K, used 161263K [0x00000000e0000000, 0x00000000ed800000, 0x0000000100000000)
  eden space 148480K, 100% used [0x00000000e0000000,0x00000000e9100000,0x00000000e9100000)
  from space 12800K, 99% used [0x00000000e9100000,0x00000000e9d7bff0,0x00000000e9d80000)
  to   space 16896K, 0% used [0x00000000ec780000,0x00000000ec780000,0x00000000ed800000)
 ParOldGen       total 88576K, used 25045K [0x00000000a0000000, 0x00000000a5680000, 0x00000000e0000000)
  object space 88576K, 28% used [0x00000000a0000000,0x00000000a1875490,0x00000000a5680000)
 Metaspace       used 57150K, capacity 58886K, committed 59056K, reserved 1099776K
  class space    used 7599K, capacity 8008K, committed 8112K, reserved 1048576K
Event: 11,322 GC heap after
Heap after GC invocations=12 (full 2):
 PSYoungGen      total 200192K, used 16875K [0x00000000e0000000, 0x00000000ee200000, 0x0000000100000000)
  eden space 183296K, 0% used [0x00000000e0000000,0x00000000e0000000,0x00000000eb300000)
  from space 16896K, 99% used [0x00000000ec780000,0x00000000ed7fac50,0x00000000ed800000)
  to   space 20992K, 0% used [0x00000000eb300000,0x00000000eb300000,0x00000000ec780000)
 ParOldGen       total 88576K, used 29102K [0x00000000a0000000, 0x00000000a5680000, 0x00000000e0000000)
  object space 88576K, 32% used [0x00000000a0000000,0x00000000a1c6bb30,0x00000000a5680000)
 Metaspace       used 57150K, capacity 58886K, committed 59056K, reserved 1099776K
  class space    used 7599K, capacity 8008K, committed 8112K, reserved 1048576K
}
Event: 11,853 GC heap before
{Heap before GC invocations=13 (full 2):
 PSYoungGen      total 200192K, used 102094K [0x00000000e0000000, 0x00000000ee200000, 0x0000000100000000)
  eden space 183296K, 46% used [0x00000000e0000000,0x00000000e5338c10,0x00000000eb300000)
  from space 16896K, 99% used [0x00000000ec780000,0x00000000ed7fac50,0x00000000ed800000)
  to   space 20992K, 0% used [0x00000000eb300000,0x00000000eb300000,0x00000000ec780000)
 ParOldGen       total 88576K, used 29102K [0x00000000a0000000, 0x00000000a5680000, 0x00000000e0000000)
  object space 88576K, 32% used [0x00000000a0000000,0x00000000a1c6bb30,0x00000000a5680000)
 Metaspace       used 57294K, capacity 59010K, committed 59160K, reserved 1099776K
  class space    used 7616K, capacity 8018K, committed 8112K, reserved 1048576K
Event: 11,875 GC heap after
Heap after GC invocations=13 (full 2):
 PSYoungGen      total 204288K, used 14747K [0x00000000e0000000, 0x00000000f1100000, 0x0000000100000000)
  eden space 183296K, 0% used [0x00000000e0000000,0x00000000e0000000,0x00000000eb300000)
  from space 20992K, 70% used [0x00000000eb300000,0x00000000ec166dc8,0x00000000ec780000)
  to   space 21504K, 0% used [0x00000000efc00000,0x00000000efc00000,0x00000000f1100000)
 ParOldGen       total 88576K, used 33842K [0x00000000a0000000, 0x00000000a5680000, 0x00000000e0000000)
  object space 88576K, 38% used [0x00000000a0000000,0x00000000a210cbd8,0x00000000a5680000)
 Metaspace       used 57294K, capacity 59010K, committed 59160K, reserved 1099776K
  class space    used 7616K, capacity 8018K, committed 8112K, reserved 1048576K
}
Event: 11,875 GC heap before
{Heap before GC invocations=14 (full 3):
 PSYoungGen      total 204288K, used 14747K [0x00000000e0000000, 0x00000000f1100000, 0x0000000100000000)
  eden space 183296K, 0% used [0x00000000e0000000,0x00000000e0000000,0x00000000eb300000)
  from space 20992K, 70% used [0x00000000eb300000,0x00000000ec166dc8,0x00000000ec780000)
  to   space 21504K, 0% used [0x00000000efc00000,0x00000000efc00000,0x00000000f1100000)
 ParOldGen       total 88576K, used 33842K [0x00000000a0000000, 0x00000000a5680000, 0x00000000e0000000)
  object space 88576K, 38% used [0x00000000a0000000,0x00000000a210cbd8,0x00000000a5680000)
 Metaspace       used 57294K, capacity 59010K, committed 59160K, reserved 1099776K
  class space    used 7616K, capacity 8018K, committed 8112K, reserved 1048576K
Event: 12,114 GC heap after
Heap after GC invocations=14 (full 3):
 PSYoungGen      total 204288K, used 0K [0x00000000e0000000, 0x00000000f1100000, 0x0000000100000000)
  eden space 183296K, 0% used [0x00000000e0000000,0x00000000e0000000,0x00000000eb300000)
  from space 20992K, 0% used [0x00000000eb300000,0x00000000eb300000,0x00000000ec780000)
  to   space 21504K, 0% used [0x00000000efc00000,0x00000000efc00000,0x00000000f1100000)
 ParOldGen       total 131584K, used 36567K [0x00000000a0000000, 0x00000000a8080000, 0x00000000e0000000)
  object space 131584K, 27% used [0x00000000a0000000,0x00000000a23b5fb0,0x00000000a8080000)
 Metaspace       used 57293K, capacity 59004K, committed 59160K, reserved 1099776K
  class space    used 7615K, capacity 8017K, committed 8112K, reserved 1048576K
}
Event: 12,879 GC heap before
{Heap before GC invocations=15 (full 3):
 PSYoungGen      total 204288K, used 183296K [0x00000000e0000000, 0x00000000f1100000, 0x0000000100000000)
  eden space 183296K, 100% used [0x00000000e0000000,0x00000000eb300000,0x00000000eb300000)
  from space 20992K, 0% used [0x00000000eb300000,0x00000000eb300000,0x00000000ec780000)
  to   space 21504K, 0% used [0x00000000efc00000,0x00000000efc00000,0x00000000f1100000)
 ParOldGen       total 131584K, used 36567K [0x00000000a0000000, 0x00000000a8080000, 0x00000000e0000000)
  object space 131584K, 27% used [0x00000000a0000000,0x00000000a23b5fb0,0x00000000a8080000)
 Metaspace       used 59930K, capacity 61708K, committed 61872K, reserved 1103872K
  class space    used 7884K, capacity 8275K, committed 8368K, reserved 1048576K
Event: 12,936 GC heap after
Heap after GC invocations=15 (full 3):
 PSYoungGen      total 253440K, used 21493K [0x00000000e0000000, 0x00000000f1c80000, 0x0000000100000000)
  eden space 231936K, 0% used [0x00000000e0000000,0x00000000e0000000,0x00000000ee280000)
  from space 21504K, 99% used [0x00000000efc00000,0x00000000f10fd4a8,0x00000000f1100000)
  to   space 26112K, 0% used [0x00000000ee280000,0x00000000ee280000,0x00000000efc00000)
 ParOldGen       total 131584K, used 41386K [0x00000000a0000000, 0x00000000a8080000, 0x00000000e0000000)
  object space 131584K, 31% used [0x00000000a0000000,0x00000000a286aa40,0x00000000a8080000)
 Metaspace       used 59930K, capacity 61708K, committed 61872K, reserved 1103872K
  class space    used 7884K, capacity 8275K, committed 8368K, reserved 1048576K
}
Event: 13,445 GC heap before
{Heap before GC invocations=16 (full 3):
 PSYoungGen      total 253440K, used 253429K [0x00000000e0000000, 0x00000000f1c80000, 0x0000000100000000)
  eden space 231936K, 100% used [0x00000000e0000000,0x00000000ee280000,0x00000000ee280000)
  from space 21504K, 99% used [0x00000000efc00000,0x00000000f10fd4a8,0x00000000f1100000)
  to   space 26112K, 0% used [0x00000000ee280000,0x00000000ee280000,0x00000000efc00000)
 ParOldGen       total 131584K, used 41386K [0x00000000a0000000, 0x00000000a8080000, 0x00000000e0000000)
  object space 131584K, 31% used [0x00000000a0000000,0x00000000a286aa40,0x00000000a8080000)
 Metaspace       used 60306K, capacity 62060K, committed 62128K, reserved 1103872K
  class space    used 7923K, capacity 8307K, committed 8368K, reserved 1048576K

